TN:
SF:src/index.ts
FN:88,(anonymous_0)
FN:138,(anonymous_1)
FN:159,(anonymous_2)
FN:161,(anonymous_3)
FN:166,(anonymous_4)
FN:184,(anonymous_5)
FN:238,(anonymous_6)
FN:260,(anonymous_7)
FN:300,(anonymous_8)
FN:307,(anonymous_9)
FN:316,(anonymous_10)
FN:330,(anonymous_11)
FN:356,(anonymous_12)
FN:367,(anonymous_13)
FN:372,(anonymous_14)
FN:377,(anonymous_15)
FN:382,(anonymous_16)
FN:388,startServer
FNF:18
FNH:0
FNDA:0,(anonymous_0)
FNDA:0,(anonymous_1)
FNDA:0,(anonymous_2)
FNDA:0,(anonymous_3)
FNDA:0,(anonymous_4)
FNDA:0,(anonymous_5)
FNDA:0,(anonymous_6)
FNDA:0,(anonymous_7)
FNDA:0,(anonymous_8)
FNDA:0,(anonymous_9)
FNDA:0,(anonymous_10)
FNDA:0,(anonymous_11)
FNDA:0,(anonymous_12)
FNDA:0,(anonymous_13)
FNDA:0,(anonymous_14)
FNDA:0,(anonymous_15)
FNDA:0,(anonymous_16)
FNDA:0,startServer
DA:2,0
DA:3,0
DA:4,0
DA:12,0
DA:13,0
DA:14,0
DA:15,0
DA:16,0
DA:17,0
DA:18,0
DA:19,0
DA:22,0
DA:25,0
DA:26,0
DA:27,0
DA:28,0
DA:29,0
DA:30,0
DA:31,0
DA:32,0
DA:33,0
DA:34,0
DA:35,0
DA:36,0
DA:37,0
DA:40,0
DA:66,0
DA:90,0
DA:91,0
DA:94,0
DA:96,0
DA:121,0
DA:131,0
DA:132,0
DA:134,0
DA:135,0
DA:139,0
DA:140,0
DA:141,0
DA:142,0
DA:144,0
DA:145,0
DA:161,0
DA:162,0
DA:163,0
DA:165,0
DA:166,0
DA:175,0
DA:176,0
DA:178,0
DA:179,0
DA:184,0
DA:185,0
DA:186,0
DA:188,0
DA:190,0
DA:191,0
DA:192,0
DA:193,0
DA:194,0
DA:197,0
DA:198,0
DA:199,0
DA:200,0
DA:202,0
DA:209,0
DA:211,0
DA:212,0
DA:215,0
DA:219,0
DA:238,0
DA:239,0
DA:240,0
DA:242,0
DA:260,0
DA:261,0
DA:262,0
DA:264,0
DA:266,0
DA:267,0
DA:268,0
DA:269,0
DA:280,0
DA:281,0
DA:292,0
DA:294,0
DA:295,0
DA:300,0
DA:301,0
DA:304,0
DA:308,0
DA:309,0
DA:310,0
DA:311,0
DA:312,0
DA:313,0
DA:317,0
DA:319,0
DA:320,0
DA:321,0
DA:322,0
DA:323,0
DA:324,0
DA:325,0
DA:327,0
DA:331,0
DA:333,0
DA:334,0
DA:335,0
DA:338,0
DA:339,0
DA:341,0
DA:349,0
DA:351,0
DA:352,0
DA:357,0
DA:358,0
DA:359,0
DA:361,0
DA:367,0
DA:368,0
DA:369,0
DA:372,0
DA:373,0
DA:374,0
DA:377,0
DA:378,0
DA:379,0
DA:382,0
DA:383,0
DA:384,0
DA:389,0
DA:390,0
DA:391,0
DA:393,0
DA:394,0
DA:395,0
DA:399,0
LF:138
LH:0
BRDA:98,0,0,0
BRDA:98,0,1,0
BRDA:99,1,0,0
BRDA:99,1,1,0
BRDA:114,2,0,0
BRDA:114,2,1,0
BRDA:126,3,0,0
BRDA:126,3,1,0
BRDA:127,4,0,0
BRDA:127,4,1,0
BRDA:128,5,0,0
BRDA:128,5,1,0
BRDA:191,6,0,0
BRDA:215,7,0,0
BRDA:215,7,1,0
BRDA:267,8,0,0
BRDA:280,9,0,0
BRDA:295,10,0,0
BRDA:295,10,1,0
BRDA:308,11,0,0
BRDA:309,12,0,0
BRDA:310,13,0,0
BRDA:311,14,0,0
BRDA:312,15,0,0
BRDA:319,16,0,0
BRDA:320,17,0,0
BRDA:321,18,0,0
BRDA:322,19,0,0
BRDA:323,20,0,0
BRDA:324,21,0,0
BRDA:325,22,0,0
BRDA:334,23,0,0
BRF:32
BRH:0
end_of_record
TN:
SF:src/http/JiraRestClient.ts
FN:20,(anonymous_1)
FN:32,(anonymous_2)
FN:39,(anonymous_3)
FN:46,(anonymous_4)
FN:57,(anonymous_5)
FN:73,(anonymous_6)
FN:90,(anonymous_7)
FN:93,(anonymous_8)
FN:97,(anonymous_9)
FN:102,(anonymous_10)
FN:103,(anonymous_11)
FN:130,(anonymous_12)
FN:157,(anonymous_13)
FN:162,(anonymous_14)
FN:167,(anonymous_15)
FN:172,(anonymous_16)
FN:178,(anonymous_17)
FN:195,(anonymous_18)
FN:212,(anonymous_19)
FN:216,(anonymous_20)
FN:220,(anonymous_21)
FN:225,(anonymous_22)
FN:229,(anonymous_23)
FN:233,(anonymous_24)
FN:237,(anonymous_25)
FN:257,(anonymous_26)
FN:272,(anonymous_27)
FN:300,(anonymous_28)
FN:311,(anonymous_29)
FN:326,(anonymous_30)
FNF:30
FNH:5
FNDA:3,(anonymous_1)
FNDA:2,(anonymous_2)
FNDA:0,(anonymous_3)
FNDA:0,(anonymous_4)
FNDA:5,(anonymous_5)
FNDA:5,(anonymous_6)
FNDA:4,(anonymous_7)
FNDA:0,(anonymous_8)
FNDA:0,(anonymous_9)
FNDA:0,(anonymous_10)
FNDA:0,(anonymous_11)
FNDA:0,(anonymous_12)
FNDA:0,(anonymous_13)
FNDA:0,(anonymous_14)
FNDA:0,(anonymous_15)
FNDA:0,(anonymous_16)
FNDA:0,(anonymous_17)
FNDA:0,(anonymous_18)
FNDA:0,(anonymous_19)
FNDA:0,(anonymous_20)
FNDA:0,(anonymous_21)
FNDA:0,(anonymous_22)
FNDA:0,(anonymous_23)
FNDA:0,(anonymous_24)
FNDA:0,(anonymous_25)
FNDA:0,(anonymous_26)
FNDA:0,(anonymous_27)
FNDA:0,(anonymous_28)
FNDA:0,(anonymous_29)
FNDA:0,(anonymous_30)
DA:2,2
DA:3,2
DA:6,2
DA:19,2
DA:22,3
DA:23,3
DA:24,3
DA:26,3
DA:27,3
DA:31,2
DA:33,2
DA:34,2
DA:38,2
DA:40,0
DA:41,0
DA:45,2
DA:47,0
DA:48,0
DA:53,2
DA:58,5
DA:60,5
DA:69,5
DA:70,4
DA:74,5
DA:76,1
DA:78,4
DA:80,3
DA:83,3
DA:86,1
DA:92,4
DA:94,0
DA:95,0
DA:97,0
DA:101,4
DA:102,0
DA:104,0
DA:107,0
DA:108,0
DA:110,0
DA:112,0
DA:116,0
DA:120,0
DA:125,0
DA:126,0
DA:127,0
DA:129,0
DA:130,0
DA:132,0
DA:134,0
DA:136,0
DA:146,0
DA:158,0
DA:159,0
DA:163,0
DA:164,0
DA:168,0
DA:169,0
DA:173,0
DA:174,0
DA:184,0
DA:185,0
DA:187,0
DA:188,0
DA:189,0
DA:190,0
DA:192,0
DA:200,0
DA:202,0
DA:203,0
DA:204,0
DA:206,0
DA:207,0
DA:209,0
DA:213,0
DA:217,0
DA:221,0
DA:222,0
DA:226,0
DA:230,0
DA:234,0
DA:243,0
DA:245,0
DA:246,0
DA:247,0
DA:248,0
DA:250,0
DA:251,0
DA:253,0
DA:261,0
DA:263,0
DA:264,0
DA:266,0
DA:267,0
DA:269,0
DA:282,0
DA:284,0
DA:285,0
DA:286,0
DA:287,0
DA:288,0
DA:289,0
DA:290,0
DA:291,0
DA:293,0
DA:294,0
DA:296,0
DA:303,0
DA:304,0
DA:306,0
DA:308,0
DA:316,0
DA:317,0
DA:319,0
DA:320,0
DA:321,0
DA:323,0
DA:327,0
LF:117
LH:27
BRDA:32,0,0,1
BRDA:39,1,0,0
BRDA:46,2,0,0
BRDA:74,3,0,1
BRDA:74,3,1,4
BRDA:78,4,0,3
BRDA:78,4,1,1
BRDA:78,5,0,4
BRDA:78,5,1,3
BRDA:107,6,0,0
BRDA:110,7,0,0
BRDA:110,7,1,0
BRDA:110,7,2,0
BRDA:110,7,3,0
BRDA:110,7,4,0
BRDA:113,8,0,0
BRDA:113,8,1,0
BRDA:117,9,0,0
BRDA:117,9,1,0
BRDA:121,10,0,0
BRDA:121,10,1,0
BRDA:125,11,0,0
BRDA:125,12,0,0
BRDA:125,12,1,0
BRDA:127,13,0,0
BRDA:127,13,1,0
BRDA:137,14,0,0
BRDA:137,14,1,0
BRDA:147,15,0,0
BRDA:147,15,1,0
BRDA:178,16,0,0
BRDA:187,17,0,0
BRDA:188,18,0,0
BRDA:189,19,0,0
BRDA:190,20,0,0
BRDA:195,21,0,0
BRDA:202,22,0,0
BRDA:203,23,0,0
BRDA:204,24,0,0
BRDA:207,25,0,0
BRDA:207,25,1,0
BRDA:220,26,0,0
BRDA:221,27,0,0
BRDA:221,27,1,0
BRDA:237,28,0,0
BRDA:245,29,0,0
BRDA:246,30,0,0
BRDA:247,31,0,0
BRDA:248,32,0,0
BRDA:251,33,0,0
BRDA:251,33,1,0
BRDA:257,34,0,0
BRDA:263,35,0,0
BRDA:264,36,0,0
BRDA:267,37,0,0
BRDA:267,37,1,0
BRDA:272,38,0,0
BRDA:284,39,0,0
BRDA:285,40,0,0
BRDA:286,41,0,0
BRDA:287,42,0,0
BRDA:288,43,0,0
BRDA:289,44,0,0
BRDA:290,45,0,0
BRDA:291,46,0,0
BRDA:294,47,0,0
BRDA:294,47,1,0
BRDA:300,48,0,0
BRDA:306,49,0,0
BRDA:311,50,0,0
BRDA:319,51,0,0
BRDA:320,52,0,0
BRDA:321,53,0,0
BRF:73
BRH:7
end_of_record
TN:
SF:src/tools/addComment.ts
FN:56,executeAddComment
FNF:1
FNH:0
FNDA:0,executeAddComment
DA:4,0
DA:6,0
DA:56,0
DA:60,0
DA:62,0
DA:64,0
DA:65,0
DA:66,0
DA:83,0
DA:89,0
DA:98,0
LF:11
LH:0
BRDA:65,0,0,0
BRF:1
BRH:0
end_of_record
TN:
SF:src/tools/createIssue.ts
FN:96,executeCreateIssue
FNF:1
FNH:1
FNDA:4,executeCreateIssue
DA:4,1
DA:6,1
DA:96,1
DA:100,4
DA:101,4
DA:104,3
DA:105,1
DA:122,3
DA:124,2
DA:133,2
LF:10
LH:10
BRDA:104,0,0,1
BRDA:104,1,0,3
BRDA:104,1,1,1
BRF:3
BRH:3
end_of_record
TN:
SF:src/tools/deleteIssue.ts
FN:26,executeDeleteIssue
FNF:1
FNH:0
FNDA:0,executeDeleteIssue
DA:4,0
DA:6,0
DA:26,0
DA:30,0
DA:32,0
DA:33,0
DA:35,0
DA:44,0
LF:8
LH:0
BRF:0
BRH:0
end_of_record
TN:
SF:src/tools/getComments.ts
FN:40,executeGetComments
FN:59,(anonymous_1)
FNF:2
FNH:0
FNDA:0,executeGetComments
FNDA:0,(anonymous_1)
DA:4,0
DA:6,0
DA:40,0
DA:44,0
DA:46,0
DA:47,0
DA:55,0
DA:59,0
DA:70,0
DA:79,0
LF:10
LH:0
BRDA:59,0,0,0
BRDA:59,0,1,0
BRF:2
BRH:0
end_of_record
TN:
SF:src/tools/getIssue.ts
FN:36,executeGetIssue
FN:64,(anonymous_1)
FN:65,(anonymous_2)
FNF:3
FNH:0
FNDA:0,executeGetIssue
FNDA:0,(anonymous_1)
FNDA:0,(anonymous_2)
DA:4,0
DA:6,0
DA:36,0
DA:40,0
DA:42,0
DA:43,0
DA:50,0
DA:64,0
DA:65,0
DA:68,0
DA:77,0
LF:11
LH:0
BRDA:57,0,0,0
BRDA:57,0,1,0
BRDA:63,1,0,0
BRDA:63,1,1,0
BRDA:64,2,0,0
BRDA:64,2,1,0
BRDA:65,3,0,0
BRDA:65,3,1,0
BRF:8
BRH:0
end_of_record
TN:
SF:src/tools/getIssueTransitions.ts
FN:31,executeGetIssueTransitions
FN:49,(anonymous_1)
FNF:2
FNH:0
FNDA:0,executeGetIssueTransitions
FNDA:0,(anonymous_1)
DA:4,0
DA:6,0
DA:11,0
DA:31,0
DA:35,0
DA:37,0
DA:38,0
DA:39,0
DA:40,0
DA:43,0
DA:44,0
DA:46,0
DA:49,0
DA:64,0
DA:73,0
LF:15
LH:0
BRDA:39,0,0,0
BRDA:44,1,0,0
BRDA:44,1,1,0
BRDA:49,2,0,0
BRDA:49,2,1,0
BRF:5
BRH:0
end_of_record
TN:
SF:src/tools/getProject.ts
FN:31,executeGetProject
FN:57,(anonymous_1)
FN:63,(anonymous_2)
FN:70,(anonymous_3)
FNF:4
FNH:0
FNDA:0,executeGetProject
FNDA:0,(anonymous_1)
FNDA:0,(anonymous_2)
FNDA:0,(anonymous_3)
DA:4,0
DA:6,0
DA:31,0
DA:35,0
DA:37,0
DA:38,0
DA:44,0
DA:57,0
DA:63,0
DA:70,0
DA:78,0
DA:87,0
LF:12
LH:0
BRF:0
BRH:0
end_of_record
TN:
SF:src/tools/getUser.ts
FN:26,executeGetUser
FN:46,(anonymous_1)
FN:50,(anonymous_2)
FNF:3
FNH:0
FNDA:0,executeGetUser
FNDA:0,(anonymous_1)
FNDA:0,(anonymous_2)
DA:4,0
DA:6,0
DA:26,0
DA:30,0
DA:32,0
DA:33,0
DA:38,0
DA:46,0
DA:50,0
DA:66,0
DA:75,0
LF:11
LH:0
BRDA:46,0,0,0
BRDA:46,0,1,0
BRDA:50,1,0,0
BRDA:50,1,1,0
BRF:4
BRH:0
end_of_record
TN:
SF:src/tools/searchIssues.ts
FN:50,executeSearchIssues
FN:68,(anonymous_1)
FNF:2
FNH:2
FNDA:4,executeSearchIssues
FNDA:2,(anonymous_1)
DA:4,1
DA:6,1
DA:50,1
DA:54,4
DA:55,4
DA:56,3
DA:64,2
DA:68,2
DA:84,2
DA:93,2
LF:10
LH:10
BRDA:68,0,0,2
BRDA:68,0,1,0
BRDA:75,1,0,2
BRDA:75,1,1,1
BRDA:80,2,0,2
BRDA:80,2,1,0
BRF:6
BRH:4
end_of_record
TN:
SF:src/tools/searchProjects.ts
FN:51,executeSearchProjects
FN:75,(anonymous_1)
FNF:2
FNH:0
FNDA:0,executeSearchProjects
FNDA:0,(anonymous_1)
DA:4,0
DA:6,0
DA:51,0
DA:55,0
DA:57,0
DA:58,0
DA:70,0
DA:75,0
DA:89,0
DA:98,0
LF:10
LH:0
BRDA:75,0,0,0
BRDA:75,0,1,0
BRF:2
BRH:0
end_of_record
TN:
SF:src/tools/searchUsers.ts
FN:35,executeSearchUsers
FN:49,(anonymous_1)
FNF:2
FNH:0
FNDA:0,executeSearchUsers
FNDA:0,(anonymous_1)
DA:4,0
DA:6,0
DA:35,0
DA:39,0
DA:41,0
DA:42,0
DA:49,0
DA:60,0
DA:69,0
LF:9
LH:0
BRF:0
BRH:0
end_of_record
TN:
SF:src/tools/transitionIssue.ts
FN:55,executeTransitionIssue
FNF:1
FNH:0
FNDA:0,executeTransitionIssue
DA:4,0
DA:6,0
DA:55,0
DA:59,0
DA:61,0
DA:62,0
DA:70,0
DA:79,0
LF:8
LH:0
BRF:0
BRH:0
end_of_record
TN:
SF:src/tools/updateIssue.ts
FN:45,executeUpdateIssue
FNF:1
FNH:0
FNDA:0,executeUpdateIssue
DA:4,0
DA:6,0
DA:45,0
DA:49,0
DA:51,0
DA:53,0
DA:54,0
DA:71,0
DA:78,0
DA:87,0
LF:10
LH:0
BRDA:53,0,0,0
BRDA:53,1,0,0
BRDA:53,1,1,0
BRF:3
BRH:0
end_of_record
TN:
SF:src/types/index.ts
FNF:0
FNH:0
DA:2,2
DA:5,2
DA:22,2
DA:37,2
DA:48,2
DA:61,2
DA:68,2
DA:82,2
DA:139,2
DA:163,2
DA:171,2
DA:197,2
DA:204,2
DA:238,2
DA:277,2
DA:282,2
DA:324,2
DA:334,2
DA:340,2
DA:351,2
DA:356,2
DA:363,2
DA:377,2
LF:23
LH:23
BRF:0
BRH:0
end_of_record
TN:
SF:src/utils/configValidator.ts
FN:29,(anonymous_1)
FN:46,(anonymous_2)
FN:53,(anonymous_3)
FN:74,(anonymous_4)
FN:144,(anonymous_5)
FN:169,(anonymous_6)
FNF:6
FNH:5
FNDA:2,(anonymous_1)
FNDA:12,(anonymous_2)
FNDA:9,(anonymous_3)
FNDA:7,(anonymous_4)
FNDA:0,(anonymous_5)
FNDA:2,(anonymous_6)
DA:6,2
DA:7,2
DA:8,2
DA:9,2
DA:10,2
DA:11,2
DA:25,2
DA:30,2
DA:31,2
DA:33,2
DA:34,2
DA:35,2
DA:36,2
DA:38,0
DA:39,0
DA:47,12
DA:49,12
DA:50,12
DA:52,12
DA:53,9
DA:59,5
DA:61,5
DA:68,7
DA:70,6
DA:71,6
DA:76,7
DA:77,7
DA:79,7
DA:80,0
DA:86,7
DA:87,7
DA:88,7
DA:89,7
DA:90,0
DA:93,0
DA:101,7
DA:102,7
DA:103,21
DA:104,0
DA:112,7
DA:113,5
DA:114,5
DA:115,1
DA:123,6
DA:124,4
DA:125,4
DA:126,0
DA:133,6
DA:134,4
DA:135,4
DA:136,0
DA:145,0
DA:148,0
DA:160,0
DA:161,0
DA:162,0
DA:166,0
DA:170,2
DA:175,2
LF:59
LH:45
BRDA:41,0,0,0
BRDA:41,0,1,0
BRDA:52,1,0,5
BRDA:53,2,0,5
BRDA:53,2,1,0
BRDA:54,3,0,9
BRDA:54,3,1,6
BRDA:76,4,0,7
BRDA:76,4,1,5
BRDA:79,5,0,0
BRDA:79,6,0,7
BRDA:79,6,1,2
BRDA:86,7,0,7
BRDA:89,8,0,0
BRDA:95,9,0,0
BRDA:95,9,1,0
BRDA:103,10,0,0
BRDA:103,11,0,21
BRDA:103,11,1,15
BRDA:112,12,0,5
BRDA:114,13,0,1
BRDA:114,14,0,5
BRDA:114,14,1,4
BRDA:123,15,0,4
BRDA:125,16,0,0
BRDA:125,17,0,4
BRDA:125,17,1,4
BRDA:133,18,0,4
BRDA:135,19,0,0
BRDA:135,20,0,4
BRDA:135,20,1,4
BRDA:161,21,0,0
BRF:32
BRH:21
end_of_record
TN:
SF:src/utils/errorCodes.ts
FN:6,(anonymous_0)
FN:34,(anonymous_1)
FN:50,(anonymous_2)
FN:202,createError
FN:217,isJiraApiError
FN:221,mapJiraApiError
FNF:6
FNH:6
FNDA:2,(anonymous_0)
FNDA:14,(anonymous_1)
FNDA:1,(anonymous_2)
FNDA:14,createError
FNDA:6,isJiraApiError
FNDA:6,mapJiraApiError
DA:6,2
DA:7,2
DA:8,2
DA:9,2
DA:10,2
DA:11,2
DA:12,2
DA:13,2
DA:14,2
DA:15,2
DA:27,2
DA:41,14
DA:42,14
DA:43,14
DA:44,14
DA:45,14
DA:46,14
DA:47,14
DA:51,1
DA:62,2
DA:202,2
DA:207,14
DA:208,14
DA:217,2
DA:218,6
DA:221,2
DA:222,6
DA:223,0
DA:226,6
DA:227,6
DA:229,6
DA:231,1
DA:233,1
DA:235,1
DA:237,1
DA:239,1
DA:241,1
LF:37
LH:36
BRDA:6,0,0,2
BRDA:6,0,1,2
BRDA:218,1,0,6
BRDA:218,1,1,6
BRDA:222,2,0,0
BRDA:229,3,0,1
BRDA:229,3,1,1
BRDA:229,3,2,1
BRDA:229,3,3,1
BRDA:229,3,4,1
BRDA:229,3,5,1
BRF:11
BRH:10
end_of_record
TN:
SF:src/utils/healthCheck.ts
FN:38,(anonymous_0)
FN:43,(anonymous_1)
FN:72,(anonymous_2)
FN:106,(anonymous_3)
FN:111,(anonymous_4)
FN:150,(anonymous_5)
FN:191,(anonymous_6)
FN:194,(anonymous_7)
FN:198,(anonymous_8)
FN:205,(anonymous_9)
FNF:10
FNH:10
FNDA:6,(anonymous_0)
FNDA:5,(anonymous_1)
FNDA:5,(anonymous_2)
FNDA:5,(anonymous_3)
FNDA:5,(anonymous_4)
FNDA:5,(anonymous_5)
FNDA:5,(anonymous_6)
FNDA:12,(anonymous_7)
FNDA:12,(anonymous_8)
FNDA:1,(anonymous_9)
DA:7,2
DA:34,2
DA:39,6
DA:40,6
DA:44,5
DA:45,5
DA:47,5
DA:53,5
DA:55,5
DA:68,5
DA:69,5
DA:73,5
DA:75,5
DA:76,5
DA:79,5
DA:81,4
DA:82,4
DA:84,4
DA:90,1
DA:91,1
DA:93,1
DA:107,5
DA:108,5
DA:110,5
DA:111,5
DA:113,5
DA:114,1
DA:122,4
DA:123,4
DA:125,4
DA:126,0
DA:135,4
DA:136,4
DA:141,0
DA:142,0
DA:151,5
DA:152,5
DA:153,5
DA:154,5
DA:155,5
DA:157,5
DA:159,5
DA:160,5
DA:162,5
DA:163,0
DA:164,0
DA:165,5
DA:166,5
DA:167,5
DA:170,5
DA:182,0
DA:183,0
DA:192,5
DA:194,12
DA:195,0
DA:198,12
DA:199,2
DA:202,3
DA:206,1
DA:207,1
DA:208,1
DA:210,0
DA:211,0
LF:63
LH:53
BRDA:58,0,0,5
BRDA:58,0,1,0
BRDA:64,1,0,5
BRDA:64,1,1,5
BRDA:113,2,0,1
BRDA:122,3,0,4
BRDA:122,3,1,4
BRDA:125,4,0,0
BRDA:125,5,0,4
BRDA:125,5,1,0
BRDA:162,6,0,0
BRDA:162,6,1,5
BRDA:165,7,0,5
BRDA:194,8,0,0
BRDA:198,9,0,2
BRF:15
BRH:10
end_of_record
TN:
SF:src/utils/logger.ts
FN:9,(anonymous_0)
FN:33,(anonymous_1)
FN:43,(anonymous_2)
FN:55,(anonymous_3)
FN:59,(anonymous_4)
FN:70,(anonymous_5)
FN:82,(anonymous_6)
FN:88,(anonymous_7)
FN:94,(anonymous_8)
FN:100,(anonymous_9)
FN:106,(anonymous_10)
FN:123,(anonymous_11)
FN:140,(anonymous_12)
FN:144,(anonymous_13)
FN:148,(anonymous_14)
FN:159,generateRequestId
FNF:16
FNH:13
FNDA:2,(anonymous_0)
FNDA:5,(anonymous_1)
FNDA:2,(anonymous_2)
FNDA:64,(anonymous_3)
FNDA:19,(anonymous_4)
FNDA:19,(anonymous_5)
FNDA:0,(anonymous_6)
FNDA:43,(anonymous_7)
FNDA:13,(anonymous_8)
FNDA:2,(anonymous_9)
FNDA:6,(anonymous_10)
FNDA:0,(anonymous_11)
FNDA:3,(anonymous_12)
FNDA:1,(anonymous_13)
FNDA:0,(anonymous_14)
FNDA:2,generateRequestId
DA:6,2
DA:9,2
DA:10,2
DA:11,2
DA:12,2
DA:13,2
DA:14,2
DA:15,2
DA:28,2
DA:34,5
DA:35,5
DA:38,5
DA:39,0
DA:44,2
DA:45,0
DA:46,0
DA:47,2
DA:48,0
DA:49,0
DA:50,0
DA:51,0
DA:56,64
DA:60,19
DA:71,19
DA:74,19
DA:77,19
DA:78,0
DA:83,0
DA:84,0
DA:89,43
DA:90,0
DA:95,13
DA:96,12
DA:101,2
DA:102,1
DA:107,6
DA:108,6
DA:109,6
DA:110,5
DA:119,6
DA:124,0
DA:125,0
DA:126,0
DA:127,0
DA:136,0
DA:141,3
DA:145,1
DA:149,0
DA:150,0
DA:156,2
DA:159,2
DA:160,2
LF:52
LH:34
BRDA:9,0,0,2
BRDA:9,0,1,2
BRDA:33,1,0,0
BRDA:35,2,0,5
BRDA:35,2,1,2
BRDA:35,3,0,2
BRDA:35,3,1,2
BRDA:35,3,2,2
BRDA:38,4,0,0
BRDA:44,5,0,0
BRDA:44,5,1,0
BRDA:44,5,2,2
BRDA:44,5,3,0
BRDA:44,5,4,0
BRDA:44,5,5,0
BRDA:44,5,6,0
BRDA:66,6,0,7
BRDA:66,6,1,12
BRDA:66,7,0,7
BRDA:66,7,1,0
BRDA:77,8,0,0
BRDA:83,9,0,0
BRDA:89,10,0,0
BRDA:95,11,0,12
BRDA:101,12,0,1
BRDA:107,13,0,6
BRDA:109,14,0,5
BRDA:124,15,0,0
BRDA:126,16,0,0
BRDA:149,17,0,0
BRF:30
BRH:15
end_of_record
